Starting server with Config HP="127.0.0.1:3307"|T="28800000"|R="false"|L="info"
time="2026-03-05T10:06:50Z" level=info msg="Creating root@localhost superuser"
time="2026-03-05T10:06:50Z" level=info msg="Server ready. Accepting connections."
time="2026-03-05T10:06:50Z" level=warning msg="secure_file_priv is set to \"\", which is insecure."
time="2026-03-05T10:06:50Z" level=warning msg="Any user with GRANT FILE privileges will be able to read any file which the sql-server process can read."
time="2026-03-05T10:06:50Z" level=warning msg="Please consider restarting the server with secure_file_priv set to a safe (or non-existent) directory."
time="2026-03-05T10:06:50Z" level=info msg=NewConnection DisableClientMultiStatements=false connectionID=1
time="2026-03-05T10:06:50Z" level=info msg=ConnectionClosed connectionID=1
time="2026-03-05T10:06:50Z" level=info msg=NewConnection DisableClientMultiStatements=false connectionID=2
time="2026-03-05T10:06:50Z" level=info msg=ConnectionClosed connectionID=2
time="2026-03-05T10:06:50Z" level=info msg=NewConnection DisableClientMultiStatements=false connectionID=3
time="2026-03-05T10:06:50Z" level=info msg=NewConnection DisableClientMultiStatements=false connectionID=4
time="2026-03-05T10:06:50Z" level=info msg=ConnectionClosed connectionID=3
time="2026-03-05T10:06:50Z" level=warning msg="error running query" connectTime="2026-03-05 10:06:50.804635 +0000 GMT m=+0.542745960" connectionDb=intercom_investigations connectionID=4 error="table not found: config" queryTime="2026-03-05 10:06:50.805466 +0000 GMT m=+0.543576751"
time="2026-03-05T10:06:50Z" level=warning msg="error running query" connectTime="2026-03-05 10:06:50.804635 +0000 GMT m=+0.542745960" connectionDb=intercom_investigations connectionID=4 error="Duplicate key name 'idx_issues_issue_type'" queryTime="2026-03-05 10:06:50.893504 +0000 GMT m=+0.631614335"
time="2026-03-05T10:06:50Z" level=warning msg="error running query" connectTime="2026-03-05 10:06:50.804635 +0000 GMT m=+0.542745960" connectionDb=intercom_investigations connectionID=4 error="foreign key `fk_dep_depends_on` was not found on the table `dependencies`" queryTime="2026-03-05 10:06:50.893903 +0000 GMT m=+0.632013918"
time="2026-03-05T10:06:51Z" level=info msg=ConnectionClosed connectionID=4
time="2026-03-05T10:06:52Z" level=info msg=NewConnection DisableClientMultiStatements=false connectionID=5
time="2026-03-05T10:06:52Z" level=info msg=ConnectionClosed connectionID=5
time="2026-03-05T10:06:52Z" level=info msg=NewConnection DisableClientMultiStatements=false connectionID=6
time="2026-03-05T10:06:52Z" level=info msg=NewConnection DisableClientMultiStatements=false connectionID=7
time="2026-03-05T10:06:52Z" level=info msg=ConnectionClosed connectionID=6
time="2026-03-05T10:06:52Z" level=info msg=ConnectionClosed connectionID=7
time="2026-03-05T10:06:52Z" level=info msg=NewConnection DisableClientMultiStatements=false connectionID=8
time="2026-03-05T10:06:52Z" level=info msg=ConnectionClosed connectionID=8
time="2026-03-05T10:06:52Z" level=info msg=NewConnection DisableClientMultiStatements=false connectionID=9
time="2026-03-05T10:06:52Z" level=info msg=NewConnection DisableClientMultiStatements=false connectionID=10
time="2026-03-05T10:06:52Z" level=info msg=ConnectionClosed connectionID=9
time="2026-03-05T10:06:52Z" level=info msg=ConnectionClosed connectionID=10
time="2026-03-05T10:06:52Z" level=info msg=NewConnection DisableClientMultiStatements=false connectionID=11
time="2026-03-05T10:06:52Z" level=info msg=ConnectionClosed connectionID=11
time="2026-03-05T10:06:52Z" level=info msg=NewConnection DisableClientMultiStatements=false connectionID=12
time="2026-03-05T10:06:52Z" level=info msg=NewConnection DisableClientMultiStatements=false connectionID=13
time="2026-03-05T10:06:52Z" level=info msg=ConnectionClosed connectionID=12
time="2026-03-05T10:06:52Z" level=info msg=ConnectionClosed connectionID=13
time="2026-03-05T10:06:52Z" level=info msg=NewConnection DisableClientMultiStatements=false connectionID=14
time="2026-03-05T10:06:52Z" level=info msg=ConnectionClosed connectionID=14
time="2026-03-05T10:06:52Z" level=info msg=NewConnection DisableClientMultiStatements=false connectionID=15
time="2026-03-05T10:06:52Z" level=info msg=ConnectionClosed connectionID=15
